android-app/app/build/intermediates/manifest_merge_blame_file/debug/manifest-merger-blame-debug-report.txt
1<?xml version="1.0" encoding="utf-8"?>
2<manifest xmlns:android="http://schemas.android.com/apk/res/android"
3    package="com.forexyemeni.app"
4    android:versionCode="1"
5    android:versionName="1.0.0" >
6
7    <uses-sdk
8        android:minSdkVersion="24"
9        android:targetSdkVersion="34" />
10
11    <uses-permission android:name="android.permission.INTERNET" />
11-->src/main/AndroidManifest.xml:4:5-67
11-->src/main/AndroidManifest.xml:4:22-64
12    <uses-permission android:name="android.permission.ACCESS_NETWORK_STATE" />
12-->src/main/AndroidManifest.xml:5:5-79
12-->src/main/AndroidManifest.xml:5:22-76
13
14    <permission
14-->[androidx.core:core:1.12.0] AndroidManifest.xml:22:5-24:47
15        android:name="com.forexyemeni.app.DYNAMIC_RECEIVER_NOT_EXPORTED_PERMISSION"
15-->[androidx.core:core:1.12.0] AndroidManifest.xml:23:9-81
16        android:protectionLevel="signature" />
16-->[androidx.core:core:1.12.0] AndroidManifest.xml:24:9-44
17
18    <uses-permission android:name="com.forexyemeni.app.DYNAMIC_RECEIVER_NOT_EXPORTED_PERMISSION" />
18-->[androidx.core:core:1.12.0] AndroidManifest.xml:26:5-97
18-->[androidx.core:core:1.12.0] AndroidManifest.xml:26:22-94
19
20    <application
20-->src/main/AndroidManifest.xml:7:5-38:19
21        android:allowBackup="true"
21-->src/main/AndroidManifest.xml:8:9-35
22        android:appComponentFactory="androidx.core.app.CoreComponentFactory"
22-->[androidx.core:core:1.12.0] AndroidManifest.xml:28:18-86
23        android:debuggable="true"
24        android:extractNativeLibs="false"
25        android:fullBackupContent="true"
25-->src/main/AndroidManifest.xml:9:9-41
26        android:icon="@mipmap/ic_launcher"
26-->src/main/AndroidManifest.xml:10:9-43
27        android:label="@string/app_name"
27-->src/main/AndroidManifest.xml:11:9-41
28        android:networkSecurityConfig="@xml/network_security_config"
28-->src/main/AndroidManifest.xml:15:9-69
29        android:roundIcon="@mipmap/ic_launcher_round"
29-->src/main/AndroidManifest.xml:12:9-54
30        android:supportsRtl="true"
30-->src/main/AndroidManifest.xml:13:9-35
31        android:theme="@style/AppTheme"
31-->src/main/AndroidManifest.xml:14:9-40
32        android:usesCleartextTraffic="false" >
32-->src/main/AndroidManifest.xml:16:9-45
33        <activity
33-->src/main/AndroidManifest.xml:18:9-37:20
34            android:name="com.forexyemeni.app.MainActivity"
34-->src/main/AndroidManifest.xml:19:13-41
35            android:configChanges="orientation|screenSize|keyboard|keyboardHidden|locale"
35-->src/main/AndroidManifest.xml:21:13-90
36            android:exported="true"
36-->src/main/AndroidManifest.xml:20:13-36
37            android:launchMode="singleTask"
37-->src/main/AndroidManifest.xml:23:13-44
38            android:theme="@style/AppTheme.Launcher"
38-->src/main/AndroidManifest.xml:24:13-53
39            android:windowSoftInputMode="adjustResize" >
39-->src/main/AndroidManifest.xml:22:13-55
40            <intent-filter>
40-->src/main/AndroidManifest.xml:26:13-29:29
41                <action android:name="android.intent.action.MAIN" />
41-->src/main/AndroidManifest.xml:27:17-69
41-->src/main/AndroidManifest.xml:27:25-66
42
43                <category android:name="android.intent.category.LAUNCHER" />
43-->src/main/AndroidManifest.xml:28:17-77
43-->src/main/AndroidManifest.xml:28:27-74
44            </intent-filter>
45            <intent-filter>
45-->src/main/AndroidManifest.xml:31:13-36:29
46                <action android:name="android.intent.action.VIEW" />
46-->src/main/AndroidManifest.xml:32:17-69
46-->src/main/AndroidManifest.xml:32:25-66
47
48                <category android:name="android.intent.category.DEFAULT" />
48-->src/main/AndroidManifest.xml:33:17-76
48-->src/main/AndroidManifest.xml:33:27-73
49                <category android:name="android.intent.category.BROWSABLE" />
49-->src/main/AndroidManifest.xml:34:17-78
49-->src/main/AndroidManifest.xml:34:27-75
50
51                <data
51-->src/main/AndroidManifest.xml:35:17-91
52                    android:host="trade-signal-pro.vercel.app"
52-->src/main/AndroidManifest.xml:35:46-88
53                    android:scheme="https" />
53-->src/main/AndroidManifest.xml:35:23-45
54            </intent-filter>
55        </activity>
56
57        <provider
57-->[androidx.emoji2:emoji2:1.2.0] AndroidManifest.xml:24:9-32:20
58            android:name="androidx.startup.InitializationProvider"
58-->[androidx.emoji2:emoji2:1.2.0] AndroidManifest.xml:25:13-67
59            android:authorities="com.forexyemeni.app.androidx-startup"
59-->[androidx.emoji2:emoji2:1.2.0] AndroidManifest.xml:26:13-68
60            android:exported="false" >
60-->[androidx.emoji2:emoji2:1.2.0] AndroidManifest.xml:27:13-37
61            <meta-data
61-->[androidx.emoji2:emoji2:1.2.0] AndroidManifest.xml:29:13-31:52
62                android:name="androidx.emoji2.text.EmojiCompatInitializer"
62-->[androidx.emoji2:emoji2:1.2.0] AndroidManifest.xml:30:17-75
63                android:value="androidx.startup" />
63-->[androidx.emoji2:emoji2:1.2.0] AndroidManifest.xml:31:17-49
64            <meta-data
64-->[androidx.lifecycle:lifecycle-process:2.6.1] AndroidManifest.xml:29:13-31:52
65                android:name="androidx.lifecycle.ProcessLifecycleInitializer"
65-->[androidx.lifecycle:lifecycle-process:2.6.1] AndroidManifest.xml:30:17-78
66                android:value="androidx.startup" />
66-->[androidx.lifecycle:lifecycle-process:2.6.1] AndroidManifest.xml:31:17-49
67            <meta-data
67-->[androidx.profileinstaller:profileinstaller:1.3.0] AndroidManifest.xml:29:13-31:52
68                android:name="androidx.profileinstaller.ProfileInstallerInitializer"
68-->[androidx.profileinstaller:profileinstaller:1.3.0] AndroidManifest.xml:30:17-85
69                android:value="androidx.startup" />
69-->[androidx.profileinstaller:profileinstaller:1.3.0] AndroidManifest.xml:31:17-49
70        </provider>
71
72        <receiver
72-->[androidx.profileinstaller:profileinstaller:1.3.0] AndroidManifest.xml:34:9-52:20
73            android:name="androidx.profileinstaller.ProfileInstallReceiver"
73-->[androidx.profileinstaller:profileinstaller:1.3.0] AndroidManifest.xml:35:13-76
74            android:directBootAware="false"
74-->[androidx.profileinstaller:profileinstaller:1.3.0] AndroidManifest.xml:36:13-44
75            android:enabled="true"
75-->[androidx.profileinstaller:profileinstaller:1.3.0] AndroidManifest.xml:37:13-35
76            android:exported="true"
76-->[androidx.profileinstaller:profileinstaller:1.3.0] AndroidManifest.xml:38:13-36
77            android:permission="android.permission.DUMP" >
77-->[androidx.profileinstaller:profileinstaller:1.3.0] AndroidManifest.xml:39:13-57
78            <intent-filter>
78-->[androidx.profileinstaller:profileinstaller:1.3.0] AndroidManifest.xml:40:13-42:29
79                <action android:name="androidx.profileinstaller.action.INSTALL_PROFILE" />
79-->[androidx.profileinstaller:profileinstaller:1.3.0] AndroidManifest.xml:41:17-91
79-->[androidx.profileinstaller:profileinstaller:1.3.0] AndroidManifest.xml:41:25-88
80            </intent-filter>
81            <intent-filter>
81-->[androidx.profileinstaller:profileinstaller:1.3.0] AndroidManifest.xml:43:13-45:29
82                <action android:name="androidx.profileinstaller.action.SKIP_FILE" />
82-->[androidx.profileinstaller:profileinstaller:1.3.0] AndroidManifest.xml:44:17-85
82-->[androidx.profileinstaller:profileinstaller:1.3.0] AndroidManifest.xml:44:25-82
83            </intent-filter>
84            <intent-filter>
84-->[androidx.profileinstaller:profileinstaller:1.3.0] AndroidManifest.xml:46:13-48:29
85                <action android:name="androidx.profileinstaller.action.SAVE_PROFILE" />
85-->[androidx.profileinstaller:profileinstaller:1.3.0] AndroidManifest.xml:47:17-88
85-->[androidx.profileinstaller:profileinstaller:1.3.0] AndroidManifest.xml:47:25-85
86            </intent-filter>
87            <intent-filter>
87-->[androidx.profileinstaller:profileinstaller:1.3.0] AndroidManifest.xml:49:13-51:29
88                <action android:name="androidx.profileinstaller.action.BENCHMARK_OPERATION" />
88-->[androidx.profileinstaller:profileinstaller:1.3.0] AndroidManifest.xml:50:17-95
88-->[androidx.profileinstaller:profileinstaller:1.3.0] AndroidManifest.xml:50:25-92
89            </intent-filter>
90        </receiver>
91    </application>
92
93</manifest>